Aug 08 19:32:42 Updated: nspr-4.19.0-1.el7_5.x86_64
Aug 08 19:32:42 Updated: nss-util-3.36.0-1.el7_5.x86_64
Aug 08 19:32:42 Updated: libgcc-4.8.5-28.el7_5.1.x86_64
Aug 08 19:32:42 Updated: libcom_err-1.42.9-12.el7_5.x86_64
Aug 08 19:32:47 Updated: python-libs-2.7.5-69.el7_5.x86_64
Aug 08 19:32:47 Updated: python-2.7.5-69.el7_5.x86_64
Aug 08 19:32:48 Updated: libss-1.42.9-12.el7_5.x86_64
Aug 08 19:32:48 Updated: e2fsprogs-libs-1.42.9-12.el7_5.x86_64
Aug 08 19:32:48 Updated: nss-softokn-freebl-3.36.0-5.el7_5.x86_64
Aug 08 19:32:48 Updated: nss-softokn-3.36.0-5.el7_5.x86_64
Aug 08 19:32:48 Updated: nss-3.36.0-5.el7_5.x86_64
Aug 08 19:32:48 Updated: nss-sysinit-3.36.0-5.el7_5.x86_64
Aug 08 19:32:49 Updated: 1:NetworkManager-libnm-1.10.2-16.el7_5.x86_64
Aug 08 19:32:50 Updated: 1:NetworkManager-1.10.2-16.el7_5.x86_64
Aug 08 19:32:51 Updated: nss-tools-3.36.0-5.el7_5.x86_64
Aug 08 19:32:51 Updated: openldap-2.4.44-15.el7_5.x86_64
Aug 08 19:32:51 Updated: 12:dhcp-libs-4.2.5-68.el7.centos.1.x86_64
Aug 08 19:32:51 Updated: 12:dhcp-common-4.2.5-68.el7.centos.1.x86_64
Aug 08 19:32:51 Updated: centos-release-7-5.1804.1.el7.centos.x86_64
Aug 08 19:32:52 Updated: kernel-tools-libs-3.10.0-862.9.1.el7.x86_64
Aug 08 19:33:05 Updated: selinux-policy-3.13.1-192.el7_5.4.noarch
Aug 08 19:33:20 Updated: linux-firmware-20180220-62.2.git6d51311.el7_5.noarch
Aug 08 19:33:26 Installed: kernel-3.10.0-862.9.1.el7.x86_64
Aug 08 19:33:44 Updated: selinux-policy-targeted-3.13.1-192.el7_5.4.noarch
Aug 08 19:33:44 Updated: kernel-tools-3.10.0-862.9.1.el7.x86_64
Aug 08 19:33:44 Updated: 12:dhclient-4.2.5-68.el7.centos.1.x86_64
Aug 08 19:33:44 Updated: gnupg2-2.0.22-5.el7_5.x86_64
Aug 08 19:33:45 Updated: sudo-1.8.19p2-14.el7_5.x86_64
Aug 08 19:33:45 Updated: 1:NetworkManager-tui-1.10.2-16.el7_5.x86_64
Aug 08 19:33:45 Updated: 1:NetworkManager-team-1.10.2-16.el7_5.x86_64
Aug 08 19:33:45 Updated: e2fsprogs-1.42.9-12.el7_5.x86_64
Aug 08 19:33:45 Updated: python-perf-3.10.0-862.9.1.el7.x86_64
Aug 08 19:33:45 Updated: yum-utils-1.1.31-46.el7_5.noarch
Aug 08 19:33:45 Updated: rsyslog-8.24.0-16.el7_5.4.x86_64
Aug 08 19:33:45 Updated: libstdc++-4.8.5-28.el7_5.1.x86_64
Aug 08 19:33:47 Updated: ca-certificates-2018.2.22-70.0.el7_5.noarch
Aug 08 19:33:47 Updated: procps-ng-3.3.10-17.el7_5.2.x86_64
Aug 08 19:33:48 Updated: binutils-2.27-28.base.el7_5.1.x86_64
Aug 08 19:33:48 Updated: iptables-1.4.21-24.1.el7_5.x86_64
Aug 08 19:33:48 Updated: libgomp-4.8.5-28.el7_5.1.x86_64
Aug 08 19:33:48 Updated: yum-plugin-fastestmirror-1.1.31-46.el7_5.noarch
Aug 08 19:35:23 Installed: wget-1.14-15.el7_4.1.x86_64
Aug 08 19:40:45 Installed: mpfr-3.1.1-4.el7.x86_64
Aug 08 19:40:45 Installed: libmpc-1.0.1-3.el7.x86_64
Aug 08 19:40:45 Installed: m4-1.4.16-10.el7.x86_64
Aug 08 19:40:45 Installed: zlib-devel-1.2.7-17.el7.x86_64
Aug 08 19:40:47 Installed: cpp-4.8.5-28.el7_5.1.x86_64
Aug 08 19:40:47 Installed: libsepol-devel-2.5-8.1.el7.x86_64
Aug 08 19:40:47 Installed: libkadm5-1.15.1-19.el7.x86_64
Aug 08 19:40:47 Installed: libcom_err-devel-1.42.9-12.el7_5.x86_64
Aug 08 19:40:47 Installed: libverto-devel-0.2.5-4.el7.x86_64
Aug 08 19:40:49 Installed: kernel-headers-3.10.0-862.9.1.el7.x86_64
Aug 08 19:40:49 Installed: glibc-headers-2.17-222.el7.x86_64
Aug 08 19:40:49 Installed: glibc-devel-2.17-222.el7.x86_64
Aug 08 19:40:50 Installed: pcre-devel-8.32-17.el7.x86_64
Aug 08 19:40:50 Installed: libselinux-devel-2.5-12.el7.x86_64
Aug 08 19:40:50 Installed: keyutils-libs-devel-1.5.8-3.el7.x86_64
Aug 08 19:40:50 Installed: krb5-devel-1.15.1-19.el7.x86_64
Aug 08 19:40:52 Installed: 1:openssl-devel-1.0.2k-12.el7.x86_64
Aug 08 19:40:55 Installed: gcc-4.8.5-28.el7_5.1.x86_64
Aug 08 19:40:55 Installed: elfutils-libelf-devel-0.170-4.el7.x86_64
Aug 08 19:40:55 Installed: bison-3.0.4-1.el7.x86_64
Aug 08 19:40:55 Installed: flex-2.5.37-3.el7.x86_64
Aug 08 19:40:56 Installed: ncurses-devel-5.9-14.20130511.el7_4.x86_64
Aug 08 19:40:56 Installed: bc-1.06.95-13.el7.x86_64
Aug 08 22:00:49 Installed: 1:perl-parent-0.225-244.el7.noarch
Aug 08 22:00:49 Installed: perl-HTTP-Tiny-0.033-3.el7.noarch
Aug 08 22:00:50 Installed: perl-podlators-2.5.1-3.el7.noarch
Aug 08 22:00:50 Installed: perl-Pod-Perldoc-3.20-4.el7.noarch
Aug 08 22:00:50 Installed: 1:perl-Pod-Escapes-1.04-292.el7.noarch
Aug 08 22:00:50 Installed: perl-Text-ParseWords-3.29-4.el7.noarch
Aug 08 22:00:51 Installed: perl-Encode-2.51-7.el7.x86_64
Aug 08 22:00:51 Installed: perl-Pod-Usage-1.63-3.el7.noarch
Aug 08 22:00:51 Installed: 4:perl-macros-5.16.3-292.el7.x86_64
Aug 08 22:00:51 Installed: 4:perl-libs-5.16.3-292.el7.x86_64
Aug 08 22:00:51 Installed: perl-Storable-2.45-3.el7.x86_64
Aug 08 22:00:51 Installed: perl-Exporter-5.68-3.el7.noarch
Aug 08 22:00:51 Installed: perl-constant-1.27-2.el7.noarch
Aug 08 22:00:51 Installed: perl-Time-Local-1.2300-2.el7.noarch
Aug 08 22:00:51 Installed: perl-Socket-2.010-4.el7.x86_64
Aug 08 22:00:51 Installed: perl-Carp-1.26-244.el7.noarch
Aug 08 22:00:51 Installed: 4:perl-Time-HiRes-1.9725-3.el7.x86_64
Aug 08 22:00:51 Installed: perl-PathTools-3.40-5.el7.x86_64
Aug 08 22:00:51 Installed: perl-Scalar-List-Utils-1.27-248.el7.x86_64
Aug 08 22:00:51 Installed: perl-File-Temp-0.23.01-3.el7.noarch
Aug 08 22:00:51 Installed: perl-File-Path-2.09-2.el7.noarch
Aug 08 22:00:51 Installed: perl-threads-shared-1.43-6.el7.x86_64
Aug 08 22:00:52 Installed: perl-threads-1.87-4.el7.x86_64
Aug 08 22:00:52 Installed: perl-Filter-1.49-3.el7.x86_64
Aug 08 22:00:52 Installed: 1:perl-Pod-Simple-3.28-4.el7.noarch
Aug 08 22:00:52 Installed: perl-Getopt-Long-2.40-3.el7.noarch
Aug 08 22:00:56 Installed: 4:perl-5.16.3-292.el7.x86_64
